2020-10-12 16:05:09.763 [main] ERROR org.springframework.boot.SpringApplication - Application run failed
org.springframework.beans.factory.BeanCreationException: Error creating bean with name 'springProcessEngineConfiguration' defined in class path resource [org/activiti/spring/boot/DataSourceProcessEngineAutoConfiguration$DataSourceProcessEngineConfiguration.class]: Bean instantiation via factory method failed; nested exception is org.springframework.beans.BeanInstantiationException: Failed to instantiate [org.activiti.spring.SpringProcessEngineConfiguration]: Factory method 'springProcessEngineConfiguration' threw exception; nested exception is java.io.FileNotFoundException: class path resource [processes/] cannot be resolved to URL because it does not exist
	at org.springframework.beans.factory.support.ConstructorResolver.instantiate(ConstructorResolver.java:655)
	at org.springframework.beans.factory.support.ConstructorResolver.instantiateUsingFactoryMethod(ConstructorResolver.java:635)
	at org.springframework.beans.factory.support.AbstractAutowireCapableBeanFactory.instantiateUsingFactoryMethod(AbstractAutowireCapableBeanFactory.java:1336)
	at org.springframework.beans.factory.support.AbstractAutowireCapableBeanFactory.createBeanInstance(AbstractAutowireCapableBeanFactory.java:1176)
	at org.springframework.beans.factory.support.AbstractAutowireCapableBeanFactory.doCreateBean(AbstractAutowireCapableBeanFactory.java:556)
	at org.springframework.beans.factory.support.AbstractAutowireCapableBeanFactory.createBean(AbstractAutowireCapableBeanFactory.java:516)
	at org.springframework.beans.factory.support.AbstractBeanFactory.lambda$doGetBean$0(AbstractBeanFactory.java:324)
	at org.springframework.beans.factory.support.DefaultSingletonBeanRegistry.getSingleton(DefaultSingletonBeanRegistry.java:234)
	at org.springframework.beans.factory.support.AbstractBeanFactory.doGetBean(AbstractBeanFactory.java:322)
	at org.springframework.beans.factory.support.AbstractBeanFactory.getBean(AbstractBeanFactory.java:202)
	at org.springframework.beans.factory.support.DefaultListableBeanFactory.preInstantiateSingletons(DefaultListableBeanFactory.java:897)
	at org.springframework.context.support.AbstractApplicationContext.finishBeanFactoryInitialization(AbstractApplicationContext.java:879)
	at org.springframework.context.support.AbstractApplicationContext.refresh(AbstractApplicationContext.java:551)
	at org.springframework.boot.SpringApplication.refresh(SpringApplication.java:758)
	at org.springframework.boot.SpringApplication.refresh(SpringApplication.java:750)
	at org.springframework.boot.SpringApplication.refreshContext(SpringApplication.java:397)
	at org.springframework.boot.SpringApplication.run(SpringApplication.java:315)
	at org.springframework.boot.SpringApplication.run(SpringApplication.java:1237)
	at org.springframework.boot.SpringApplication.run(SpringApplication.java:1226)
	at com.chace.activiti.demo.App.main(App.java:15)
Caused by: org.springframework.beans.BeanInstantiationException: Failed to instantiate [org.activiti.spring.SpringProcessEngineConfiguration]: Factory method 'springProcessEngineConfiguration' threw exception; nested exception is java.io.FileNotFoundException: class path resource [processes/] cannot be resolved to URL because it does not exist
	at org.springframework.beans.factory.support.SimpleInstantiationStrategy.instantiate(SimpleInstantiationStrategy.java:185)
	at org.springframework.beans.factory.support.ConstructorResolver.instantiate(ConstructorResolver.java:650)
	... 19 common frames omitted
Caused by: java.io.FileNotFoundException: class path resource [processes/] cannot be resolved to URL because it does not exist
	at org.springframework.core.io.ClassPathResource.getURL(ClassPathResource.java:195)
	at org.springframework.core.io.support.PathMatchingResourcePatternResolver.findPathMatchingResources(PathMatchingResourcePatternResolver.java:498)
	at org.springframework.core.io.support.PathMatchingResourcePatternResolver.getResources(PathMatchingResourcePatternResolver.java:298)
	at org.springframework.context.support.AbstractApplicationContext.getResources(AbstractApplicationContext.java:1354)
	at org.springframework.context.support.GenericApplicationContext.getResources(GenericApplicationContext.java:235)
	at org.activiti.spring.boot.AbstractProcessEngineConfiguration.discoverProcessDefinitionResources(AbstractProcessEngineConfiguration.java:79)
	at org.activiti.spring.boot.AbstractProcessEngineAutoConfiguration.baseSpringProcessEngineConfiguration(AbstractProcessEngineAutoConfiguration.java:74)
	at org.activiti.spring.boot.DataSourceProcessEngineAutoConfiguration$DataSourceProcessEngineConfiguration.springProcessEngineConfiguration(DataSourceProcessEngineAutoConfiguration.java:57)
	at org.activiti.spring.boot.DataSourceProcessEngineAutoConfiguration$DataSourceProcessEngineConfiguration$$EnhancerBySpringCGLIB$$486cdcec.CGLIB$springProcessEngineConfiguration$0(<generated>)
	at org.activiti.spring.boot.DataSourceProcessEngineAutoConfiguration$DataSourceProcessEngineConfiguration$$EnhancerBySpringCGLIB$$486cdcec$$FastClassBySpringCGLIB$$62284cd4.invoke(<generated>)
	at org.springframework.cglib.proxy.MethodProxy.invokeSuper(MethodProxy.java:244)
	at org.springframework.context.annotation.ConfigurationClassEnhancer$BeanMethodInterceptor.intercept(ConfigurationClassEnhancer.java:331)
	at org.activiti.spring.boot.DataSourceProcessEngineAutoConfiguration$DataSourceProcessEngineConfiguration$$EnhancerBySpringCGLIB$$486cdcec.springProcessEngineConfiguration(<generated>)
	at sun.reflect.NativeMethodAccessorImpl.invoke0(Native Method)
	at sun.reflect.NativeMethodAccessorImpl.invoke(NativeMethodAccessorImpl.java:62)
	at sun.reflect.DelegatingMethodAccessorImpl.invoke(DelegatingMethodAccessorImpl.java:43)
	at java.lang.reflect.Method.invoke(Method.java:498)
	at org.springframework.beans.factory.support.SimpleInstantiationStrategy.instantiate(SimpleInstantiationStrategy.java:154)
	... 20 common frames omitted
