2020-10-12 16:05:08.956 [main] INFO  com.chace.activiti.demo.App - Starting App on vipkiddeMacBook-Pro.local with PID 78140 (/Users/vipkid/Documents/workspace/clin/workspace/javaspace/activiti-demo/target/classes started by vipkid in /Users/vipkid/Documents/workspace/clin/workspace/javaspace)
2020-10-12 16:05:08.957 [main] INFO  com.chace.activiti.demo.App - No active profile set, falling back to default profiles: default
2020-10-12 16:05:09.746 [main] INFO  o.s.b.a.l.ConditionEvaluationReportLoggingListener - 

Error starting ApplicationContext. To display the conditions report re-run your application with 'debug' enabled.
2020-10-12 16:07:55.139 [main] INFO  com.chace.activiti.demo.App - Starting App on vipkiddeMacBook-Pro.local with PID 78193 (/Users/vipkid/Documents/workspace/clin/workspace/javaspace/activiti-demo/target/classes started by vipkid in /Users/vipkid/Documents/workspace/clin/workspace/javaspace)
2020-10-12 16:07:55.139 [main] INFO  com.chace.activiti.demo.App - No active profile set, falling back to default profiles: default
2020-10-12 16:07:56.055 [main] INFO  com.zaxxer.hikari.HikariDataSource - HikariPool-1 - Starting...
2020-10-12 16:07:56.295 [main] INFO  com.zaxxer.hikari.HikariDataSource - HikariPool-1 - Start completed.
2020-10-12 16:07:56.995 [main] INFO  o.a.e.c.DefaultActiviti5CompatibilityHandlerFactory - Activiti 5 compatibility handler implementation not found or error during instantiation : org.activiti.compatibility.DefaultActiviti5CompatibilityHandler. Activiti 5 backwards compatibility disabled.
2020-10-12 16:07:57.146 [main] INFO  org.activiti.engine.impl.db.DbSqlSession - performing create on engine with resource org/activiti/db/create/activiti.mysql.create.engine.sql
2020-10-12 16:07:57.147 [main] INFO  org.activiti.engine.impl.db.DbSqlSession - Found MySQL: majorVersion=8 minorVersion=0
2020-10-12 16:07:58.798 [main] INFO  org.activiti.engine.impl.db.DbSqlSession - performing create on history with resource org/activiti/db/create/activiti.mysql.create.history.sql
2020-10-12 16:07:58.799 [main] INFO  org.activiti.engine.impl.db.DbSqlSession - Found MySQL: majorVersion=8 minorVersion=0
2020-10-12 16:07:59.047 [main] INFO  org.activiti.engine.impl.db.DbSqlSession - performing create on identity with resource org/activiti/db/create/activiti.mysql.create.identity.sql
2020-10-12 16:07:59.047 [main] INFO  org.activiti.engine.impl.db.DbSqlSession - Found MySQL: majorVersion=8 minorVersion=0
2020-10-12 16:07:59.109 [main] INFO  org.activiti.engine.impl.ProcessEngineImpl - ProcessEngine default created
2020-10-12 16:07:59.110 [main] INFO  o.a.e.impl.asyncexecutor.DefaultAsyncJobExecutor - Starting up the default async job executor [org.activiti.spring.SpringAsyncExecutor].
2020-10-12 16:07:59.110 [Thread-52] INFO  o.a.e.impl.asyncexecutor.ResetExpiredJobsRunnable - {} starting to reset expired jobs
2020-10-12 16:07:59.110 [Thread-51] INFO  o.a.e.impl.asyncexecutor.AcquireTimerJobsRunnable - {} starting to acquire async jobs due
2020-10-12 16:07:59.110 [Thread-50] INFO  o.a.e.i.asyncexecutor.AcquireAsyncJobsDueRunnable - {} starting to acquire async jobs due
2020-10-12 16:07:59.250 [main] INFO  com.chace.activiti.demo.App - Started App in 24.585 seconds (JVM running for 30.172)
